<?xml version="1.0" encoding="UTF-8"?>
<!-- Generated by org.testng.reporters.JUnitXMLReporter -->
<testsuite ignored="0" hostname="satish" failures="0" tests="3" name="Default test" time="16.719" errors="0" timestamp="2024-12-30T13:46:09 IST">
  <testcase classname="com.agile.crm.testcases.OrangeHrm" name="validBrowserPage" time="11.53"/>
  <testcase classname="com.agile.crm.testcases.OrangeHrm" name="ValidLoginpage" time="2.043"/>
  <testcase classname="com.agile.crm.testcases.OrangeHrm" name="Admintest" time="3.047"/>
</testsuite> <!-- Default test -->
